Created by PLY version 3.11 (http://www.dabeaz.com/ply)

Unused terminals:

    AND
    CALL
    CREATE
    DO
    END
    JOIN
    LIMIT
    NUMBER
    PROCEDURE
    SELECT
    USING
    WHERE

Grammar

Rule 0     S' -> program
Rule 1     program -> statement_list
Rule 2     statement_list -> statement_list statement
Rule 3     statement_list -> statement
Rule 4     statement -> import_table
Rule 5     statement -> export_table
Rule 6     operator -> EQUALS
Rule 7     operator -> NOT_EQUAL
Rule 8     operator -> LESS_THAN
Rule 9     operator -> GREATER_THAN
Rule 10    operator -> LESS_EQUAL
Rule 11    operator -> GREATER_EQUAL
Rule 12    operator -> COMMA
Rule 13    operator -> SEMICOLON
Rule 14    operator -> STAR
Rule 15    import_table -> IMPORT TABLE ID FROM STRING SEMICOLON
Rule 16    export_table -> EXPORT TABLE ID AS STRING SEMICOLON
Rule 17    discard_table -> DISCARD TABLE ID SEMICOLON
Rule 18    rename_table -> RENAME TABLE ID ID SEMICOLON
Rule 19    print_table -> PRINT TABLE ID SEMICOLON

Terminals, with rules where they appear

AND                  : 
AS                   : 16
CALL                 : 
COMMA                : 12
CREATE               : 
DISCARD              : 17
DO                   : 
END                  : 
EQUALS               : 6
EXPORT               : 16
FROM                 : 15
GREATER_EQUAL        : 11
GREATER_THAN         : 9
ID                   : 15 16 17 18 18 19
IMPORT               : 15
JOIN                 : 
LESS_EQUAL           : 10
LESS_THAN            : 8
LIMIT                : 
NOT_EQUAL            : 7
NUMBER               : 
PRINT                : 19
PROCEDURE            : 
RENAME               : 18
SELECT               : 
SEMICOLON            : 13 15 16 17 18 19
STAR                 : 14
STRING               : 15 16
TABLE                : 15 16 17 18 19
USING                : 
WHERE                : 
error                : 

Nonterminals, with rules where they appear

discard_table        : 
export_table         : 5
import_table         : 4
operator             : 
print_table          : 
program              : 0
rename_table         : 
statement            : 2 3
statement_list       : 1 2

Parsing method: LALR

state 0

    (0) S' -> . program
    (1) program -> . statement_list
    (2) statement_list -> . statement_list statement
    (3) statement_list -> . statement
    (4) statement -> . import_table
    (5) statement -> . export_table
    (15) import_table -> . IMPORT TABLE ID FROM STRING SEMICOLON
    (16) export_table -> . EXPORT TABLE ID AS STRING SEMICOLON

    IMPORT          shift and go to state 6
    EXPORT          shift and go to state 7

    program                        shift and go to state 1
    statement_list                 shift and go to state 2
    statement                      shift and go to state 3
    import_table                   shift and go to state 4
    export_table                   shift and go to state 5

state 1

    (0) S' -> program .



state 2

    (1) program -> statement_list .
    (2) statement_list -> statement_list . statement
    (4) statement -> . import_table
    (5) statement -> . export_table
    (15) import_table -> . IMPORT TABLE ID FROM STRING SEMICOLON
    (16) export_table -> . EXPORT TABLE ID AS STRING SEMICOLON

    $end            reduce using rule 1 (program -> statement_list .)
    IMPORT          shift and go to state 6
    EXPORT          shift and go to state 7

    statement                      shift and go to state 8
    import_table                   shift and go to state 4
    export_table                   shift and go to state 5

state 3

    (3) statement_list -> statement .

    IMPORT          reduce using rule 3 (statement_list -> statement .)
    EXPORT          reduce using rule 3 (statement_list -> statement .)
    $end            reduce using rule 3 (statement_list -> statement .)


state 4

    (4) statement -> import_table .

    IMPORT          reduce using rule 4 (statement -> import_table .)
    EXPORT          reduce using rule 4 (statement -> import_table .)
    $end            reduce using rule 4 (statement -> import_table .)


state 5

    (5) statement -> export_table .

    IMPORT          reduce using rule 5 (statement -> export_table .)
    EXPORT          reduce using rule 5 (statement -> export_table .)
    $end            reduce using rule 5 (statement -> export_table .)


state 6

    (15) import_table -> IMPORT . TABLE ID FROM STRING SEMICOLON

    TABLE           shift and go to state 9


state 7

    (16) export_table -> EXPORT . TABLE ID AS STRING SEMICOLON

    TABLE           shift and go to state 10


state 8

    (2) statement_list -> statement_list statement .

    IMPORT          reduce using rule 2 (statement_list -> statement_list statement .)
    EXPORT          reduce using rule 2 (statement_list -> statement_list statement .)
    $end            reduce using rule 2 (statement_list -> statement_list statement .)


state 9

    (15) import_table -> IMPORT TABLE . ID FROM STRING SEMICOLON

    ID              shift and go to state 11


state 10

    (16) export_table -> EXPORT TABLE . ID AS STRING SEMICOLON

    ID              shift and go to state 12


state 11

    (15) import_table -> IMPORT TABLE ID . FROM STRING SEMICOLON

    FROM            shift and go to state 13


state 12

    (16) export_table -> EXPORT TABLE ID . AS STRING SEMICOLON

    AS              shift and go to state 14


state 13

    (15) import_table -> IMPORT TABLE ID FROM . STRING SEMICOLON

    STRING          shift and go to state 15


state 14

    (16) export_table -> EXPORT TABLE ID AS . STRING SEMICOLON

    STRING          shift and go to state 16


state 15

    (15) import_table -> IMPORT TABLE ID FROM STRING . SEMICOLON

    SEMICOLON       shift and go to state 17


state 16

    (16) export_table -> EXPORT TABLE ID AS STRING . SEMICOLON

    SEMICOLON       shift and go to state 18


state 17

    (15) import_table -> IMPORT TABLE ID FROM STRING SEMICOLON .

    IMPORT          reduce using rule 15 (import_table -> IMPORT TABLE ID FROM STRING SEMICOLON .)
    EXPORT          reduce using rule 15 (import_table -> IMPORT TABLE ID FROM STRING SEMICOLON .)
    $end            reduce using rule 15 (import_table -> IMPORT TABLE ID FROM STRING SEMICOLON .)


state 18

    (16) export_table -> EXPORT TABLE ID AS STRING SEMICOLON .

    IMPORT          reduce using rule 16 (export_table -> EXPORT TABLE ID AS STRING SEMICOLON .)
    EXPORT          reduce using rule 16 (export_table -> EXPORT TABLE ID AS STRING SEMICOLON .)
    $end            reduce using rule 16 (export_table -> EXPORT TABLE ID AS STRING SEMICOLON .)

