Created by PLY version 3.11 (http://www.dabeaz.com/ply)

Grammar

Rule 0     S' -> statement
Rule 1     statement -> SELECT column_list FROM IDENTIFIER SEMICOLON
Rule 2     column_list -> column_list COMMA IDENTIFIER
Rule 3     column_list -> IDENTIFIER

Terminals, with rules where they appear

COMMA                : 2
FROM                 : 1
IDENTIFIER           : 1 2 3
SELECT               : 1
SEMICOLON            : 1
error                : 

Nonterminals, with rules where they appear

column_list          : 1 2
statement            : 0

Parsing method: LALR

state 0

    (0) S' -> . statement
    (1) statement -> . SELECT column_list FROM IDENTIFIER SEMICOLON

    SELECT          shift and go to state 2

    statement                      shift and go to state 1

state 1

    (0) S' -> statement .



state 2

    (1) statement -> SELECT . column_list FROM IDENTIFIER SEMICOLON
    (2) column_list -> . column_list COMMA IDENTIFIER
    (3) column_list -> . IDENTIFIER

    IDENTIFIER      shift and go to state 4

    column_list                    shift and go to state 3

state 3

    (1) statement -> SELECT column_list . FROM IDENTIFIER SEMICOLON
    (2) column_list -> column_list . COMMA IDENTIFIER

    FROM            shift and go to state 5
    COMMA           shift and go to state 6


state 4

    (3) column_list -> IDENTIFIER .

    FROM            reduce using rule 3 (column_list -> IDENTIFIER .)
    COMMA           reduce using rule 3 (column_list -> IDENTIFIER .)


state 5

    (1) statement -> SELECT column_list FROM . IDENTIFIER SEMICOLON

    IDENTIFIER      shift and go to state 7


state 6

    (2) column_list -> column_list COMMA . IDENTIFIER

    IDENTIFIER      shift and go to state 8


state 7

    (1) statement -> SELECT column_list FROM IDENTIFIER . SEMICOLON

    SEMICOLON       shift and go to state 9


state 8

    (2) column_list -> column_list COMMA IDENTIFIER .

    FROM            reduce using rule 2 (column_list -> column_list COMMA IDENTIFIER .)
    COMMA           reduce using rule 2 (column_list -> column_list COMMA IDENTIFIER .)


state 9

    (1) statement -> SELECT column_list FROM IDENTIFIER SEMICOLON .

    $end            reduce using rule 1 (statement -> SELECT column_list FROM IDENTIFIER SEMICOLON .)

